This file contains any messages produced by compilers while
running configure, to aid debugging if configure makes a mistake.

It was created by pocketsphinx configure 0.7, which was
generated by GNU Autoconf 2.68.  Invocation command line was

  $ ./configure 

## --------- ##
## Platform. ##
## --------- ##

hostname = ubuntu
uname -m = i686
uname -r = 3.2.0-29-generic-pae
uname -s = Linux
uname -v = #46-Ubuntu SMP Fri Jul 27 17:25:43 UTC 2012

/usr/bin/uname -p = unknown
/bin/uname -X     = unknown

/bin/arch              = unknown
/usr/bin/arch -k       = unknown
/usr/convex/getsysinfo = unknown
/usr/bin/hostinfo      = unknown
/bin/machine           = unknown
/usr/bin/oslevel       = unknown
/bin/universe          = unknown

PATH: /home/yjy/projects/llvm-gcc-4.2-2.9-i686-linux/bin
PATH: /home/yjy/projects/llvm-2.9/Release+Asserts/bin
PATH: /home/yjy/bin
PATH: /home/yjy/bin
PATH: /usr/lib/lightdm/lightdm
PATH: /usr/local/sbin
PATH: /usr/local/bin
PATH: /usr/sbin
PATH: /usr/bin
PATH: /sbin
PATH: /bin
PATH: /usr/games
PATH: /usr/lib/jvm/jdk1.6.0_32/bin
PATH: /home/yjy/android/android-sdk-linux/tools
PATH: /home/yjy/android/android-sdk-linux/platform-tools
PATH: /home/yjy/projects/klee/Release+Asserts/bin


## ----------- ##
## Core tests. ##
## ----------- ##

configure:2496: checking for a BSD-compatible install
configure:2564: result: /usr/bin/install -c
configure:2575: checking whether build environment is sane
configure:2625: result: yes
configure:2766: checking for a thread-safe mkdir -p
configure:2805: result: /bin/mkdir -p
configure:2818: checking for gawk
configure:2848: result: no
configure:2818: checking for mawk
configure:2834: found /usr/bin/mawk
configure:2845: result: mawk
configure:2856: checking whether make sets $(MAKE)
configure:2878: result: yes
configure:2957: checking build system type
configure:2971: result: i686-pc-linux-gnu
configure:2991: checking host system type
configure:3004: result: i686-pc-linux-gnu
configure:3090: checking for gcc
configure:3106: found /usr/bin/gcc
configure:3117: result: gcc
configure:3346: checking for C compiler version
configure:3355: gcc --version >&5
gcc (Ubuntu/Linaro 4.6.3-1ubuntu5) 4.6.3
Copyright (C) 2011 Free Software Foundation, Inc.
This is free software; see the source for copying conditions.  There is NO
warranty; not even for MERCHANTABILITY or FITNESS FOR A PARTICULAR PURPOSE.

configure:3366: $? = 0
configure:3355: gcc -v >&5
Using built-in specs.
COLLECT_GCC=gcc
COLLECT_LTO_WRAPPER=/usr/lib/gcc/i686-linux-gnu/4.6/lto-wrapper
Target: i686-linux-gnu
Configured with: ../src/configure -v --with-pkgversion='Ubuntu/Linaro 4.6.3-1ubuntu5' --with-bugurl=file:///usr/share/doc/gcc-4.6/README.Bugs --enable-languages=c,c++,fortran,objc,obj-c++ --prefix=/usr --program-suffix=-4.6 --enable-shared --enable-linker-build-id --with-system-zlib --libexecdir=/usr/lib --without-included-gettext --enable-threads=posix --with-gxx-include-dir=/usr/include/c++/4.6 --libdir=/usr/lib --enable-nls --with-sysroot=/ --enable-clocale=gnu --enable-libstdcxx-debug --enable-libstdcxx-time=yes --enable-gnu-unique-object --enable-plugin --enable-objc-gc --enable-targets=all --disable-werror --with-arch-32=i686 --with-tune=generic --enable-checking=release --build=i686-linux-gnu --host=i686-linux-gnu --target=i686-linux-gnu
Thread model: posix
gcc version 4.6.3 (Ubuntu/Linaro 4.6.3-1ubuntu5) 
configure:3366: $? = 0
configure:3355: gcc -V >&5
gcc: error: unrecognized option '-V'
gcc: fatal error: no input files
compilation terminated.
configure:3366: $? = 4
configure:3355: gcc -qversion >&5
gcc: error: unrecognized option '-qversion'
gcc: fatal error: no input files
compilation terminated.
configure:3366: $? = 4
configure:3386: checking whether the C compiler works
configure:3408: gcc -g -O2 -Wall   conftest.c  >&5
configure:3412: $? = 0
configure:3460: result: yes
configure:3463: checking for C compiler default output file name
configure:3465: result: a.out
configure:3471: checking for suffix of executables
configure:3478: gcc -o conftest -g -O2 -Wall   conftest.c  >&5
configure:3482: $? = 0
configure:3504: result: 
configure:3526: checking whether we are cross compiling
configure:3534: gcc -o conftest -g -O2 -Wall   conftest.c  >&5
configure:3538: $? = 0
configure:3545: ./conftest
configure:3549: $? = 0
configure:3564: result: no
configure:3569: checking for suffix of object files
configure:3591: gcc -c -g -O2 -Wall  conftest.c >&5
configure:3595: $? = 0
configure:3616: result: o
configure:3620: checking whether we are using the GNU C compiler
configure:3639: gcc -c -g -O2 -Wall  conftest.c >&5
configure:3639: $? = 0
configure:3648: result: yes
configure:3657: checking whether gcc accepts -g
configure:3677: gcc -c -g  conftest.c >&5
configure:3677: $? = 0
configure:3718: result: yes
configure:3735: checking for gcc option to accept ISO C89
configure:3799: gcc  -c -g -O2 -Wall  conftest.c >&5
configure:3799: $? = 0
configure:3812: result: none needed
configure:3843: checking for style of include used by make
configure:3871: result: GNU
configure:3897: checking dependency style of gcc
configure:4008: result: gcc3
configure:4069: checking how to print strings
configure:4096: result: printf
configure:4117: checking for a sed that does not truncate output
configure:4181: result: /bin/sed
configure:4199: checking for grep that handles long lines and -e
configure:4257: result: /bin/grep
configure:4262: checking for egrep
configure:4324: result: /bin/grep -E
configure:4329: checking for fgrep
configure:4391: result: /bin/grep -F
configure:4426: checking for ld used by gcc
configure:4493: result: /usr/bin/ld
configure:4500: checking if the linker (/usr/bin/ld) is GNU ld
configure:4515: result: yes
configure:4527: checking for BSD- or MS-compatible name lister (nm)
configure:4576: result: /usr/bin/nm -B
configure:4706: checking the name lister (/usr/bin/nm -B) interface
configure:4713: gcc -c -g -O2 -Wall  conftest.c >&5
configure:4716: /usr/bin/nm -B "conftest.o"
configure:4719: output
00000000 B some_variable
configure:4726: result: BSD nm
configure:4729: checking whether ln -s works
configure:4733: result: yes
configure:4741: checking the maximum length of command line arguments
configure:4871: result: 1572864
configure:4888: checking whether the shell understands some XSI constructs
configure:4898: result: yes
configure:4902: checking whether the shell understands "+="
configure:4908: result: yes
configure:4943: checking how to convert i686-pc-linux-gnu file names to i686-pc-linux-gnu format
configure:4983: result: func_convert_file_noop
configure:4990: checking how to convert i686-pc-linux-gnu file names to toolchain format
configure:5010: result: func_convert_file_noop
configure:5017: checking for /usr/bin/ld option to reload object files
configure:5024: result: -r
configure:5098: checking for objdump
configure:5114: found /usr/bin/objdump
configure:5125: result: objdump
configure:5157: checking how to recognize dependent libraries
configure:5359: result: pass_all
configure:5444: checking for dlltool
configure:5474: result: no
configure:5504: checking how to associate runtime and link libraries
configure:5531: result: printf %s\n
configure:5592: checking for ar
configure:5608: found /usr/bin/ar
configure:5619: result: ar
configure:5656: checking for archiver @FILE support
configure:5673: gcc -c -g -O2 -Wall  conftest.c >&5
configure:5673: $? = 0
configure:5676: ar cru libconftest.a @conftest.lst >&5
configure:5679: $? = 0
configure:5684: ar cru libconftest.a @conftest.lst >&5
ar: conftest.o: No such file or directory
configure:5687: $? = 1
configure:5699: result: @
configure:5757: checking for strip
configure:5773: found /usr/bin/strip
configure:5784: result: strip
configure:5856: checking for ranlib
configure:5872: found /usr/bin/ranlib
configure:5883: result: ranlib
configure:5985: checking command to parse /usr/bin/nm -B output from gcc object
configure:6105: gcc -c -g -O2 -Wall  conftest.c >&5
configure:6108: $? = 0
configure:6112: /usr/bin/nm -B conftest.o \| sed -n -e 's/^.*[ ]\([ABCDGIRSTW][ABCDGIRSTW]*\)[ ][ ]*\([_A-Za-z][_A-Za-z0-9]*\)$/\1 \2 \2/p' | sed '/ __gnu_lto/d' \> conftest.nm
configure:6115: $? = 0
configure:6181: gcc -o conftest -g -O2 -Wall   conftest.c conftstm.o >&5
configure:6184: $? = 0
configure:6222: result: ok
configure:6259: checking for sysroot
configure:6289: result: no
configure:6545: checking for mt
configure:6561: found /bin/mt
configure:6572: result: mt
configure:6595: checking if mt is a manifest tool
configure:6601: mt '-?'
configure:6609: result: no
configure:7251: checking how to run the C preprocessor
configure:7282: gcc -E  conftest.c
configure:7282: $? = 0
configure:7296: gcc -E  conftest.c
conftest.c:9:28: fatal error: ac_nonexistent.h: No such file or directory
compilation terminated.
configure:7296: $? = 1
configure: failed program was:
| /* confdefs.h */
| #define PACKAGE_NAME "pocketsphinx"
| #define PACKAGE_TARNAME "pocketsphinx"
| #define PACKAGE_VERSION "0.7"
| #define PACKAGE_STRING "pocketsphinx 0.7"
| #define PACKAGE_BUGREPORT ""
| #define PACKAGE_URL ""
| /* end confdefs.h.  */
| #include <ac_nonexistent.h>
configure:7321: result: gcc -E
configure:7341: gcc -E  conftest.c
configure:7341: $? = 0
configure:7355: gcc -E  conftest.c
conftest.c:9:28: fatal error: ac_nonexistent.h: No such file or directory
compilation terminated.
configure:7355: $? = 1
configure: failed program was:
| /* confdefs.h */
| #define PACKAGE_NAME "pocketsphinx"
| #define PACKAGE_TARNAME "pocketsphinx"
| #define PACKAGE_VERSION "0.7"
| #define PACKAGE_STRING "pocketsphinx 0.7"
| #define PACKAGE_BUGREPORT ""
| #define PACKAGE_URL ""
| /* end confdefs.h.  */
| #include <ac_nonexistent.h>
configure:7384: checking for ANSI C header files
configure:7404: gcc -c -g -O2 -Wall  conftest.c >&5
configure:7404: $? = 0
configure:7477: gcc -o conftest -g -O2 -Wall   conftest.c  >&5
configure:7477: $? = 0
configure:7477: ./conftest
configure:7477: $? = 0
configure:7488: result: yes
configure:7501: checking for sys/types.h
configure:7501: gcc -c -g -O2 -Wall  conftest.c >&5
configure:7501: $? = 0
configure:7501: result: yes
configure:7501: checking for sys/stat.h
configure:7501: gcc -c -g -O2 -Wall  conftest.c >&5
configure:7501: $? = 0
configure:7501: result: yes
configure:7501: checking for stdlib.h
configure:7501: gcc -c -g -O2 -Wall  conftest.c >&5
configure:7501: $? = 0
configure:7501: result: yes
configure:7501: checking for string.h
configure:7501: gcc -c -g -O2 -Wall  conftest.c >&5
configure:7501: $? = 0
configure:7501: result: yes
configure:7501: checking for memory.h
configure:7501: gcc -c -g -O2 -Wall  conftest.c >&5
configure:7501: $? = 0
configure:7501: result: yes
configure:7501: checking for strings.h
configure:7501: gcc -c -g -O2 -Wall  conftest.c >&5
configure:7501: $? = 0
configure:7501: result: yes
configure:7501: checking for inttypes.h
configure:7501: gcc -c -g -O2 -Wall  conftest.c >&5
configure:7501: $? = 0
configure:7501: result: yes
configure:7501: checking for stdint.h
configure:7501: gcc -c -g -O2 -Wall  conftest.c >&5
configure:7501: $? = 0
configure:7501: result: yes
configure:7501: checking for unistd.h
configure:7501: gcc -c -g -O2 -Wall  conftest.c >&5
configure:7501: $? = 0
configure:7501: result: yes
configure:7515: checking for dlfcn.h
configure:7515: gcc -c -g -O2 -Wall  conftest.c >&5
configure:7515: $? = 0
configure:7515: result: yes
configure:7721: checking for objdir
configure:7736: result: .libs
configure:8007: checking if gcc supports -fno-rtti -fno-exceptions
configure:8025: gcc -c -g -O2 -Wall  -fno-rtti -fno-exceptions conftest.c >&5
cc1: warning: command line option '-fno-rtti' is valid for C++/ObjC++ but not for C [enabled by default]
configure:8029: $? = 0
configure:8042: result: no
configure:8369: checking for gcc option to produce PIC
configure:8376: result: -fPIC -DPIC
configure:8384: checking if gcc PIC flag -fPIC -DPIC works
configure:8402: gcc -c -g -O2 -Wall  -fPIC -DPIC -DPIC conftest.c >&5
configure:8406: $? = 0
configure:8419: result: yes
configure:8448: checking if gcc static flag -static works
configure:8476: result: yes
configure:8491: checking if gcc supports -c -o file.o
configure:8512: gcc -c -g -O2 -Wall  -o out/conftest2.o conftest.c >&5
configure:8516: $? = 0
configure:8538: result: yes
configure:8546: checking if gcc supports -c -o file.o
configure:8593: result: yes
configure:8626: checking whether the gcc linker (/usr/bin/ld) supports shared libraries
configure:9783: result: yes
configure:9820: checking whether -lc should be explicitly linked in
configure:9828: gcc -c -g -O2 -Wall  conftest.c >&5
configure:9831: $? = 0
configure:9846: gcc -shared  -fPIC -DPIC conftest.o  -v -Wl,-soname -Wl,conftest -o conftest 2\>\&1 \| /bin/grep  -lc  \>/dev/null 2\>\&1
configure:9849: $? = 0
configure:9863: result: no
configure:10023: checking dynamic linker characteristics
configure:10534: gcc -o conftest -g -O2 -Wall   -Wl,-rpath -Wl,/foo conftest.c  >&5
configure:10534: $? = 0
configure:10768: result: GNU/Linux ld.so
configure:10875: checking how to hardcode library paths into programs
configure:10900: result: immediate
configure:11440: checking whether stripping libraries is possible
configure:11445: result: yes
configure:11480: checking if libtool supports shared libraries
configure:11482: result: yes
configure:11485: checking whether to build shared libraries
configure:11506: result: yes
configure:11509: checking whether to build static libraries
configure:11513: result: yes
configure:11550: checking whether byte ordering is bigendian
configure:11565: gcc -c -g -O2 -Wall  conftest.c >&5
conftest.c:22:9: error: unknown type name 'not'
conftest.c:22:15: error: expected '=', ',', ';', 'asm' or '__attribute__' before 'universal'
conftest.c:22:15: error: unknown type name 'universal'
configure:11565: $? = 1
configure: failed program was:
| /* confdefs.h */
| #define PACKAGE_NAME "pocketsphinx"
| #define PACKAGE_TARNAME "pocketsphinx"
| #define PACKAGE_VERSION "0.7"
| #define PACKAGE_STRING "pocketsphinx 0.7"
| #define PACKAGE_BUGREPORT ""
| #define PACKAGE_URL ""
| #define STDC_HEADERS 1
| #define HAVE_SYS_TYPES_H 1
| #define HAVE_SYS_STAT_H 1
| #define HAVE_STDLIB_H 1
| #define HAVE_STRING_H 1
| #define HAVE_MEMORY_H 1
| #define HAVE_STRINGS_H 1
| #define HAVE_INTTYPES_H 1
| #define HAVE_STDINT_H 1
| #define HAVE_UNISTD_H 1
| #define HAVE_DLFCN_H 1
| #define LT_OBJDIR ".libs/"
| /* end confdefs.h.  */
| #ifndef __APPLE_CC__
| 	       not a universal capable compiler
| 	     #endif
| 	     typedef int dummy;
| 
configure:11610: gcc -c -g -O2 -Wall  conftest.c >&5
configure:11610: $? = 0
configure:11628: gcc -c -g -O2 -Wall  conftest.c >&5
conftest.c: In function 'main':
conftest.c:28:4: error: unknown type name 'not'
conftest.c:28:12: error: expected '=', ',', ';', 'asm' or '__attribute__' before 'endian'
configure:11628: $? = 1
configure: failed program was:
| /* confdefs.h */
| #define PACKAGE_NAME "pocketsphinx"
| #define PACKAGE_TARNAME "pocketsphinx"
| #define PACKAGE_VERSION "0.7"
| #define PACKAGE_STRING "pocketsphinx 0.7"
| #define PACKAGE_BUGREPORT ""
| #define PACKAGE_URL ""
| #define STDC_HEADERS 1
| #define HAVE_SYS_TYPES_H 1
| #define HAVE_SYS_STAT_H 1
| #define HAVE_STDLIB_H 1
| #define HAVE_STRING_H 1
| #define HAVE_MEMORY_H 1
| #define HAVE_STRINGS_H 1
| #define HAVE_INTTYPES_H 1
| #define HAVE_STDINT_H 1
| #define HAVE_UNISTD_H 1
| #define HAVE_DLFCN_H 1
| #define LT_OBJDIR ".libs/"
| /* end confdefs.h.  */
| #include <sys/types.h>
| 		#include <sys/param.h>
| 
| int
| main ()
| {
| #if BYTE_ORDER != BIG_ENDIAN
| 		 not big endian
| 		#endif
| 
|   ;
|   return 0;
| }
configure:11756: result: no
configure:11774: checking for long long
configure:11774: gcc -c -g -O2 -Wall  conftest.c >&5
configure:11774: $? = 0
configure:11774: gcc -c -g -O2 -Wall  conftest.c >&5
conftest.c: In function 'main':
conftest.c:57:24: error: expected expression before ')' token
configure:11774: $? = 1
configure: failed program was:
| /* confdefs.h */
| #define PACKAGE_NAME "pocketsphinx"
| #define PACKAGE_TARNAME "pocketsphinx"
| #define PACKAGE_VERSION "0.7"
| #define PACKAGE_STRING "pocketsphinx 0.7"
| #define PACKAGE_BUGREPORT ""
| #define PACKAGE_URL ""
| #define STDC_HEADERS 1
| #define HAVE_SYS_TYPES_H 1
| #define HAVE_SYS_STAT_H 1
| #define HAVE_STDLIB_H 1
| #define HAVE_STRING_H 1
| #define HAVE_MEMORY_H 1
| #define HAVE_STRINGS_H 1
| #define HAVE_INTTYPES_H 1
| #define HAVE_STDINT_H 1
| #define HAVE_UNISTD_H 1
| #define HAVE_DLFCN_H 1
| #define LT_OBJDIR ".libs/"
| /* end confdefs.h.  */
| #include <stdio.h>
| #ifdef HAVE_SYS_TYPES_H
| # include <sys/types.h>
| #endif
| #ifdef HAVE_SYS_STAT_H
| # include <sys/stat.h>
| #endif
| #ifdef STDC_HEADERS
| # include <stdlib.h>
| # include <stddef.h>
| #else
| # ifdef HAVE_STDLIB_H
| #  include <stdlib.h>
| # endif
| #endif
| #ifdef HAVE_STRING_H
| # if !defined STDC_HEADERS && defined HAVE_MEMORY_H
| #  include <memory.h>
| # endif
| # include <string.h>
| #endif
| #ifdef HAVE_STRINGS_H
| # include <strings.h>
| #endif
| #ifdef HAVE_INTTYPES_H
| # include <inttypes.h>
| #endif
| #ifdef HAVE_STDINT_H
| # include <stdint.h>
| #endif
| #ifdef HAVE_UNISTD_H
| # include <unistd.h>
| #endif
| int
| main ()
| {
| if (sizeof ((long long)))
| 	    return 0;
|   ;
|   return 0;
| }
configure:11774: result: yes
configure:11788: checking size of long long
configure:11793: gcc -o conftest -g -O2 -Wall   conftest.c  >&5
configure:11793: $? = 0
configure:11793: ./conftest
configure:11793: $? = 0
configure:11807: result: 8
configure:11819: checking for dup2
configure:11819: gcc -o conftest -g -O2 -Wall   conftest.c  >&5
configure:11819: $? = 0
configure:11819: result: yes
configure:11831: checking for pkg-config
configure:11847: found /usr/bin/pkg-config
configure:11859: result: yes
configure:11870: checking for doxygen
configure:11898: result: no
configure:11940: checking for python
configure:11958: found /usr/bin/python
configure:11971: result: /usr/bin/python
configure:11981: checking for python-config
configure:11999: found /usr/bin/python-config
configure:12012: result: /usr/bin/python-config
configure:12024: checking Python.h usability
configure:12024: gcc -c -g -O2 -Wall  -I/usr/include/python2.7 -I/usr/include/python2.7 conftest.c >&5
In file included from /usr/include/python2.7/Python.h:8:0,
                 from conftest.c:57:
/usr/include/python2.7/pyconfig.h:1161:0: warning: "_POSIX_C_SOURCE" redefined [enabled by default]
/usr/include/features.h:215:0: note: this is the location of the previous definition
configure:12024: $? = 0
configure:12024: result: yes
configure:12024: checking Python.h presence
configure:12024: gcc -E  -I/usr/include/python2.7 -I/usr/include/python2.7 conftest.c
configure:12024: $? = 0
configure:12024: result: yes
configure:12024: checking for Python.h
configure:12024: result: yes
configure:12053: checking for cython
configure:12081: result: no
configure:12149: checking for pkg-config
configure:12167: found /usr/bin/pkg-config
configure:12179: result: /usr/bin/pkg-config
configure:12204: checking pkg-config is at least version 0.9.0
configure:12207: result: yes
configure:12218: checking for GStreamer
configure:12228: $PKG_CONFIG --exists --print-errors "gstreamer-$GST_MAJORMINOR >= 0.10.0
		       gstreamer-base-$GST_MAJORMINOR >= 0.10.0
		       gstreamer-plugins-base-$GST_MAJORMINOR >= 0.10.0"
Package gstreamer-0.10 was not found in the pkg-config search path.
Perhaps you should add the directory containing `gstreamer-0.10.pc'
to the PKG_CONFIG_PATH environment variable
No package 'gstreamer-0.10' found
Package gstreamer-base-0.10 was not found in the pkg-config search path.
Perhaps you should add the directory containing `gstreamer-base-0.10.pc'
to the PKG_CONFIG_PATH environment variable
No package 'gstreamer-base-0.10' found
Package gstreamer-plugins-base-0.10 was not found in the pkg-config search path.
Perhaps you should add the directory containing `gstreamer-plugins-base-0.10.pc'
to the PKG_CONFIG_PATH environment variable
No package 'gstreamer-plugins-base-0.10' found
configure:12233: $? = 1
configure:12252: $PKG_CONFIG --exists --print-errors "gstreamer-$GST_MAJORMINOR >= 0.10.0
		       gstreamer-base-$GST_MAJORMINOR >= 0.10.0
		       gstreamer-plugins-base-$GST_MAJORMINOR >= 0.10.0"
Package gstreamer-0.10 was not found in the pkg-config search path.
Perhaps you should add the directory containing `gstreamer-0.10.pc'
to the PKG_CONFIG_PATH environment variable
No package 'gstreamer-0.10' found
Package gstreamer-base-0.10 was not found in the pkg-config search path.
Perhaps you should add the directory containing `gstreamer-base-0.10.pc'
to the PKG_CONFIG_PATH environment variable
No package 'gstreamer-base-0.10' found
Package gstreamer-plugins-base-0.10 was not found in the pkg-config search path.
Perhaps you should add the directory containing `gstreamer-plugins-base-0.10.pc'
to the PKG_CONFIG_PATH environment variable
No package 'gstreamer-plugins-base-0.10' found
configure:12257: $? = 1
No package 'gstreamer-0.10' found
No package 'gstreamer-base-0.10' found
No package 'gstreamer-plugins-base-0.10' found
configure:12291: result: no
configure:12358: checking for sphinxbase in /home/yjy/pag/app-profile/Android-App-Profiling/apprepo/cmusphinx/pocketsphinx/../sphinxbase
configure:12362: result: yes
configure:12491: checking for /home/yjy/pag/app-profile/Android-App-Profiling/apprepo/cmusphinx/pocketsphinx/../sphinxbase/include/sphinxbase/prim_type.h
configure:12505: result: yes
configure:12519: checking for /home/yjy/pag/app-profile/Android-App-Profiling/apprepo/cmusphinx/pocketsphinx/../sphinxbase/src/libsphinxbase/libsphinxbase.la
configure:12533: result: yes
configure:12737: creating ./config.status

## ---------------------- ##
## Running config.status. ##
## ---------------------- ##

This file was extended by pocketsphinx config.status 0.7, which was
generated by GNU Autoconf 2.68.  Invocation command line was

  CONFIG_FILES    = 
  CONFIG_HEADERS  = 
  CONFIG_LINKS    = 
  CONFIG_COMMANDS = 
  $ ./config.status 

on ubuntu

config.status:1056: creating pocketsphinx.pc
config.status:1056: creating Makefile
config.status:1056: creating include/Makefile
config.status:1056: creating python/Makefile
config.status:1056: creating python/setup.py
config.status:1056: creating src/Makefile
config.status:1056: creating src/libpocketsphinx/Makefile
config.status:1056: creating src/programs/Makefile
config.status:1056: creating src/gst-plugin/Makefile
config.status:1056: creating doc/Makefile
config.status:1056: creating doc/doxyfile
config.status:1056: creating model/Makefile
config.status:1056: creating model/hmm/Makefile
config.status:1056: creating model/lm/Makefile
config.status:1056: creating test/Makefile
config.status:1056: creating test/testfuncs.sh
config.status:1056: creating test/unit/Makefile
config.status:1056: creating test/regression/Makefile
config.status:1228: executing depfiles commands
config.status:1228: executing libtool commands

## ---------------- ##
## Cache variables. ##
## ---------------- ##

ac_cv_build=i686-pc-linux-gnu
ac_cv_c_bigendian=no
ac_cv_c_compiler_gnu=yes
ac_cv_env_CC_set=
ac_cv_env_CC_value=
ac_cv_env_CFLAGS_set=
ac_cv_env_CFLAGS_value=
ac_cv_env_CPPFLAGS_set=
ac_cv_env_CPPFLAGS_value=
ac_cv_env_CPP_set=
ac_cv_env_CPP_value=
ac_cv_env_GStreamer_CFLAGS_set=
ac_cv_env_GStreamer_CFLAGS_value=
ac_cv_env_GStreamer_LIBS_set=
ac_cv_env_GStreamer_LIBS_value=
ac_cv_env_LDFLAGS_set=
ac_cv_env_LDFLAGS_value=
ac_cv_env_LIBS_set=
ac_cv_env_LIBS_value=
ac_cv_env_PKG_CONFIG_set=
ac_cv_env_PKG_CONFIG_value=
ac_cv_env_SphinxBase_CFLAGS_set=
ac_cv_env_SphinxBase_CFLAGS_value=
ac_cv_env_SphinxBase_LIBS_set=
ac_cv_env_SphinxBase_LIBS_value=
ac_cv_env_build_alias_set=
ac_cv_env_build_alias_value=
ac_cv_env_host_alias_set=
ac_cv_env_host_alias_value=
ac_cv_env_target_alias_set=
ac_cv_env_target_alias_value=
ac_cv_file__home_yjy_pag_app_profile_Android_App_Profiling_apprepo_cmusphinx_pocketsphinx____sphinxbase_include_sphinxbase_prim_type_h=yes
ac_cv_file__home_yjy_pag_app_profile_Android_App_Profiling_apprepo_cmusphinx_pocketsphinx____sphinxbase_src_libsphinxbase_libsphinxbase_la=yes
ac_cv_func_dup2=yes
ac_cv_header_Python_h=yes
ac_cv_header_dlfcn_h=yes
ac_cv_header_inttypes_h=yes
ac_cv_header_memory_h=yes
ac_cv_header_stdc=yes
ac_cv_header_stdint_h=yes
ac_cv_header_stdlib_h=yes
ac_cv_header_string_h=yes
ac_cv_header_strings_h=yes
ac_cv_header_sys_stat_h=yes
ac_cv_header_sys_types_h=yes
ac_cv_header_unistd_h=yes
ac_cv_host=i686-pc-linux-gnu
ac_cv_objext=o
ac_cv_path_EGREP='/bin/grep -E'
ac_cv_path_FGREP='/bin/grep -F'
ac_cv_path_GREP=/bin/grep
ac_cv_path_PYTHON=/usr/bin/python
ac_cv_path_PYTHON_CONFIG=/usr/bin/python-config
ac_cv_path_SED=/bin/sed
ac_cv_path_ac_pt_PKG_CONFIG=/usr/bin/pkg-config
ac_cv_path_install='/usr/bin/install -c'
ac_cv_path_mkdir=/bin/mkdir
ac_cv_prog_AWK=mawk
ac_cv_prog_CPP='gcc -E'
ac_cv_prog_HAVE_CYTHON=no
ac_cv_prog_HAVE_DOXYGEN=no
ac_cv_prog_HAVE_PKGCONFIG=yes
ac_cv_prog_ac_ct_AR=ar
ac_cv_prog_ac_ct_CC=gcc
ac_cv_prog_ac_ct_MANIFEST_TOOL=mt
ac_cv_prog_ac_ct_OBJDUMP=objdump
ac_cv_prog_ac_ct_RANLIB=ranlib
ac_cv_prog_ac_ct_STRIP=strip
ac_cv_prog_cc_c89=
ac_cv_prog_cc_g=yes
ac_cv_prog_make_make_set=yes
ac_cv_sizeof_long_long=8
ac_cv_type_long_long=yes
am_cv_CC_dependencies_compiler_type=gcc3
lt_cv_ar_at_file=@
lt_cv_archive_cmds_need_lc=no
lt_cv_deplibs_check_method=pass_all
lt_cv_file_magic_cmd='$MAGIC_CMD'
lt_cv_file_magic_test_file=
lt_cv_ld_reload_flag=-r
lt_cv_nm_interface='BSD nm'
lt_cv_objdir=.libs
lt_cv_path_LD=/usr/bin/ld
lt_cv_path_NM='/usr/bin/nm -B'
lt_cv_path_mainfest_tool=no
lt_cv_prog_compiler_c_o=yes
lt_cv_prog_compiler_pic='-fPIC -DPIC'
lt_cv_prog_compiler_pic_works=yes
lt_cv_prog_compiler_rtti_exceptions=no
lt_cv_prog_compiler_static_works=yes
lt_cv_prog_gnu_ld=yes
lt_cv_sharedlib_from_linklib_cmd='printf %s\n'
lt_cv_shlibpath_overrides_runpath=no
lt_cv_sys_global_symbol_pipe='sed -n -e '\''s/^.*[	 ]\([ABCDGIRSTW][ABCDGIRSTW]*\)[	 ][	 ]*\([_A-Za-z][_A-Za-z0-9]*\)$/\1 \2 \2/p'\'' | sed '\''/ __gnu_lto/d'\'''
lt_cv_sys_global_symbol_to_c_name_address='sed -n -e '\''s/^: \([^ ]*\)[ ]*$/  {\"\1\", (void *) 0},/p'\'' -e '\''s/^[ABCDGIRSTW]* \([^ ]*\) \([^ ]*\)$/  {"\2", (void *) \&\2},/p'\'''
lt_cv_sys_global_symbol_to_c_name_address_lib_prefix='sed -n -e '\''s/^: \([^ ]*\)[ ]*$/  {\"\1\", (void *) 0},/p'\'' -e '\''s/^[ABCDGIRSTW]* \([^ ]*\) \(lib[^ ]*\)$/  {"\2", (void *) \&\2},/p'\'' -e '\''s/^[ABCDGIRSTW]* \([^ ]*\) \([^ ]*\)$/  {"lib\2", (void *) \&\2},/p'\'''
lt_cv_sys_global_symbol_to_cdecl='sed -n -e '\''s/^T .* \(.*\)$/extern int \1();/p'\'' -e '\''s/^[ABCDGIRSTW]* .* \(.*\)$/extern char \1;/p'\'''
lt_cv_sys_max_cmd_len=1572864
lt_cv_to_host_file_cmd=func_convert_file_noop
lt_cv_to_tool_file_cmd=func_convert_file_noop

## ----------------- ##
## Output variables. ##
## ----------------- ##

ACLOCAL='${SHELL} /home/yjy/pag/app-profile/Android-App-Profiling/apprepo/cmusphinx/pocketsphinx/missing --run aclocal-1.11'
AMDEPBACKSLASH='\'
AMDEP_FALSE='#'
AMDEP_TRUE=''
AMTAR='$${TAR-tar}'
AR='ar'
AUTOCONF='${SHELL} /home/yjy/pag/app-profile/Android-App-Profiling/apprepo/cmusphinx/pocketsphinx/missing --run autoconf'
AUTOHEADER='${SHELL} /home/yjy/pag/app-profile/Android-App-Profiling/apprepo/cmusphinx/pocketsphinx/missing --run autoheader'
AUTOMAKE='${SHELL} /home/yjy/pag/app-profile/Android-App-Profiling/apprepo/cmusphinx/pocketsphinx/missing --run automake-1.11'
AWK='mawk'
BUILD_CYTHON_FALSE=''
BUILD_CYTHON_TRUE='#'
BUILD_DOXYGEN_FALSE=''
BUILD_DOXYGEN_TRUE='#'
BUILD_GST_FALSE=''
BUILD_GST_TRUE='#'
BUILD_PYTHON_FALSE='#'
BUILD_PYTHON_TRUE=''
CC='gcc'
CCDEPMODE='depmode=gcc3'
CFLAGS='-g -O2 -Wall'
CPP='gcc -E'
CPPFLAGS='-I/home/yjy/pag/app-profile/Android-App-Profiling/apprepo/cmusphinx/pocketsphinx/../sphinxbase/include -I/home/yjy/pag/app-profile/Android-App-Profiling/apprepo/cmusphinx/pocketsphinx/../sphinxbase/include  -I/usr/include/python2.7 -I/usr/include/python2.7'
CYGPATH_W='echo'
DEFS='-DPACKAGE_NAME=\"pocketsphinx\" -DPACKAGE_TARNAME=\"pocketsphinx\" -DPACKAGE_VERSION=\"0.7\" -DPACKAGE_STRING=\"pocketsphinx\ 0.7\" -DPACKAGE_BUGREPORT=\"\" -DPACKAGE_URL=\"\" -DSTDC_HEADERS=1 -DHAVE_SYS_TYPES_H=1 -DHAVE_SYS_STAT_H=1 -DHAVE_STDLIB_H=1 -DHAVE_STRING_H=1 -DHAVE_MEMORY_H=1 -DHAVE_STRINGS_H=1 -DHAVE_INTTYPES_H=1 -DHAVE_STDINT_H=1 -DHAVE_UNISTD_H=1 -DHAVE_DLFCN_H=1 -DLT_OBJDIR=\".libs/\" -DHAVE_LONG_LONG=1 -DSIZEOF_LONG_LONG=8 -DHAVE_DUP2=1'
DEPDIR='.deps'
DLLTOOL='false'
DSYMUTIL=''
DUMPBIN=''
ECHO_C=''
ECHO_N='-n'
ECHO_T=''
EGREP='/bin/grep -E'
EXEEXT=''
FGREP='/bin/grep -F'
GREP='/bin/grep'
GST_CFLAGS=' '
GST_LIBS=''
GST_MAJORMINOR='0.10'
GST_PLUGIN_LDFLAGS='-module -avoid-version -export-symbols-regex _*\(gst_\|Gst\|GST_\).*'
GStreamer_CFLAGS=''
GStreamer_LIBS=''
HAVE_CYTHON='no'
HAVE_DOXYGEN='no'
HAVE_PKGCONFIG='yes'
INSTALL_DATA='${INSTALL} -m 644'
INSTALL_PROGRAM='${INSTALL}'
INSTALL_SCRIPT='${INSTALL}'
INSTALL_STRIP_PROGRAM='$(install_sh) -c -s'
LD='/usr/bin/ld'
LDFLAGS=' -L/home/yjy/pag/app-profile/Android-App-Profiling/apprepo/cmusphinx/pocketsphinx/../sphinxbase/src/libsphinxad 		  -L/home/yjy/pag/app-profile/Android-App-Profiling/apprepo/cmusphinx/pocketsphinx/../sphinxbase/src/libsphinxbase 		  -L/home/yjy/pag/app-profile/Android-App-Profiling/apprepo/cmusphinx/pocketsphinx/../sphinxbase/src/libsphinxbase/.libs'
LIBOBJS=''
LIBS=' -lsphinxbase'
LIBTOOL='$(SHELL) $(top_builddir)/libtool'
LIPO=''
LN_S='ln -s'
LTLIBOBJS=''
MAKEINFO='${SHELL} /home/yjy/pag/app-profile/Android-App-Profiling/apprepo/cmusphinx/pocketsphinx/missing --run makeinfo'
MANIFEST_TOOL=':'
MKDIR_P='/bin/mkdir -p'
NM='/usr/bin/nm -B'
NMEDIT=''
OBJDUMP='objdump'
OBJEXT='o'
OTOOL64=''
OTOOL=''
PACKAGE='pocketsphinx'
PACKAGE_BUGREPORT=''
PACKAGE_NAME='pocketsphinx'
PACKAGE_STRING='pocketsphinx 0.7'
PACKAGE_TARNAME='pocketsphinx'
PACKAGE_URL=''
PACKAGE_VERSION='0.7'
PATH_SEPARATOR=':'
PKG_CONFIG='/usr/bin/pkg-config'
PYTHON='/usr/bin/python'
PYTHON_CONFIG='/usr/bin/python-config'
RANLIB='ranlib'
SED='/bin/sed'
SET_MAKE=''
SHELL='/bin/bash'
STRIP='strip'
SphinxBase_CFLAGS=''
SphinxBase_LIBS=''
VERSION='0.7'
ac_ct_AR='ar'
ac_ct_CC='gcc'
ac_ct_DUMPBIN=''
am__EXEEXT_FALSE=''
am__EXEEXT_TRUE='#'
am__fastdepCC_FALSE='#'
am__fastdepCC_TRUE=''
am__include='include'
am__isrc=''
am__leading_dot='.'
am__nodep='_no'
am__quote=''
am__tar='$${TAR-tar} chof - "$$tardir"'
am__untar='$${TAR-tar} xf -'
bindir='${exec_prefix}/bin'
build='i686-pc-linux-gnu'
build_alias=''
build_cpu='i686'
build_os='linux-gnu'
build_vendor='pc'
datadir='${datarootdir}'
datarootdir='${prefix}/share'
docdir='${datarootdir}/doc/${PACKAGE_TARNAME}'
dvidir='${docdir}'
exec_prefix='${prefix}'
host='i686-pc-linux-gnu'
host_alias=''
host_cpu='i686'
host_os='linux-gnu'
host_vendor='pc'
htmldir='${docdir}'
includedir='${prefix}/include'
infodir='${datarootdir}/info'
install_sh='${SHELL} /home/yjy/pag/app-profile/Android-App-Profiling/apprepo/cmusphinx/pocketsphinx/install-sh'
libdir='${exec_prefix}/lib'
libexecdir='${exec_prefix}/libexec'
localedir='${datarootdir}/locale'
localstatedir='${prefix}/var'
mandir='${datarootdir}/man'
mkdir_p='/bin/mkdir -p'
oldincludedir='/usr/include'
pdfdir='${docdir}'
plugindir='$(libdir)/gstreamer-0.10'
prefix='/usr/local'
program_transform_name='s,x,x,'
psdir='${docdir}'
sbindir='${exec_prefix}/sbin'
sharedstatedir='${prefix}/com'
sphinxbase='/home/yjy/pag/app-profile/Android-App-Profiling/apprepo/cmusphinx/pocketsphinx/../sphinxbase'
sphinxbasebuild='/home/yjy/pag/app-profile/Android-App-Profiling/apprepo/cmusphinx/pocketsphinx/../sphinxbase'
sysconfdir='${prefix}/etc'
target_alias=''

## ----------- ##
## confdefs.h. ##
## ----------- ##

/* confdefs.h */
#define PACKAGE_NAME "pocketsphinx"
#define PACKAGE_TARNAME "pocketsphinx"
#define PACKAGE_VERSION "0.7"
#define PACKAGE_STRING "pocketsphinx 0.7"
#define PACKAGE_BUGREPORT ""
#define PACKAGE_URL ""
#define STDC_HEADERS 1
#define HAVE_SYS_TYPES_H 1
#define HAVE_SYS_STAT_H 1
#define HAVE_STDLIB_H 1
#define HAVE_STRING_H 1
#define HAVE_MEMORY_H 1
#define HAVE_STRINGS_H 1
#define HAVE_INTTYPES_H 1
#define HAVE_STDINT_H 1
#define HAVE_UNISTD_H 1
#define HAVE_DLFCN_H 1
#define LT_OBJDIR ".libs/"
#define HAVE_LONG_LONG 1
#define SIZEOF_LONG_LONG 8
#define HAVE_DUP2 1

configure: exit 0
